<?xml version="1.0" encoding="UTF-8"?>
<testsuite xmlns:xsi="http://www.w3.org/2001/XMLSchema-instance" xsi:noNamespaceSchemaLocation="https://maven.apache.org/surefire/maven-surefire-plugin/xsd/surefire-test-report-3.0.xsd" version="3.0" name="com.docencia.repo.NoteJpaRepositoryTest" time="7.262" tests="4" errors="0" skipped="0" failures="0">
  <properties>
[...]
</properties>
  <testcase name="updateContentTest" classname="com.docencia.repo.NoteJpaRepositoryTest" time="0.879">
    <system-out><![CDATA[21:26:01.622 [main] INFO org.springframework.test.context.support.AnnotationConfigContextLoaderUtils -- Could not detect default configuration classes for test class [com.docencia.repo.NoteJpaRepositoryTest]: NoteJpaRepositoryTest does not declare any static, non-private, non-final, nested classes annotated with @Configuration.
21:26:01.832 [main] INFO org.springframework.boot.test.context.SpringBootTestContextBootstrapper -- Found @SpringBootConfiguration com.docencia.Application for test class com.docencia.repo.NoteJpaRepositoryTest

  .   ____          _            __ _ _
 /\\ / ___'_ __ _ _(_)_ __  __ _ \ \ \ \
( ( )\___ | '_ | '_| | '_ \/ _` | \ \ \ \
 \\/  ___)| |_)| | | | | || (_| |  ) ) ) )
  '  |____| .__|_| |_|_| |_\__, | / / / /
 =========|_|==============|___/=/_/_/_/
 :: Spring Boot ::                (v3.2.5)

2025-11-02T21:26:02.698Z  INFO 35963 --- [           main] c.docencia.repo.NoteJpaRepositoryTest    : Starting NoteJpaRepositoryTest using Java 17.0.17 with PID 35963 (started by jpexposito in /Users/jpexposito/Downloads/docencia-notes)
2025-11-02T21:26:02.700Z  INFO 35963 --- [           main] c.docencia.repo.NoteJpaRepositoryTest    : The following 1 profile is active: "test"
2025-11-02T21:26:03.419Z  INFO 35963 --- [           main] .s.d.r.c.RepositoryConfigurationDelegate : Bootstrapping Spring Data JPA repositories in DEFAULT mode.
2025-11-02T21:26:03.507Z  INFO 35963 --- [           main] .s.d.r.c.RepositoryConfigurationDelegate : Finished Spring Data repository scanning in 71 ms. Found 1 JPA repository interface.
2025-11-02T21:26:04.046Z  INFO 35963 --- [           main] o.hibernate.jpa.internal.util.LogHelper  : HHH000204: Processing PersistenceUnitInfo [name: default]
2025-11-02T21:26:04.192Z  INFO 35963 --- [           main] org.hibernate.Version                    : HHH000412: Hibernate ORM core version 6.4.4.Final
2025-11-02T21:26:04.256Z  INFO 35963 --- [           main] o.h.c.internal.RegionFactoryInitiator    : HHH000026: Second-level cache disabled
2025-11-02T21:26:04.697Z  INFO 35963 --- [           main] o.s.o.j.p.SpringPersistenceUnitInfo      : No LoadTimeWeaver setup: ignoring JPA class transformer
2025-11-02T21:26:04.746Z  INFO 35963 --- [           main] com.zaxxer.hikari.HikariDataSource       : HikariPool-1 - Starting...
2025-11-02T21:26:05.262Z  INFO 35963 --- [           main] com.zaxxer.hikari.pool.HikariPool        : HikariPool-1 - Added connection org.sqlite.jdbc4.JDBC4Connection@6c7f3af6
2025-11-02T21:26:05.265Z  INFO 35963 --- [           main] com.zaxxer.hikari.HikariDataSource       : HikariPool-1 - Start completed.
2025-11-02T21:26:06.576Z  INFO 35963 --- [           main] o.h.e.t.j.p.i.JtaPlatformInitiator       : HHH000489: No JTA platform available (set 'hibernate.transaction.jta.platform' to enable JTA platform integration)
2025-11-02T21:26:06.579Z  INFO 35963 --- [           main] j.LocalContainerEntityManagerFactoryBean : Initialized JPA EntityManagerFactory for persistence unit 'default'
2025-11-02T21:26:07.155Z  INFO 35963 --- [           main] c.docencia.repo.NoteJpaRepositoryTest    : Started NoteJpaRepositoryTest in 5.003 seconds (process running for 6.736)
Hibernate: 
    select
        n1_0.id,
        n1_0.content,
        n1_0.title 
    from
        notes n1_0 
    where
        n1_0.id=?
]]></system-out>
  </testcase>
  <testcase name="deleteNoteTest" classname="com.docencia.repo.NoteJpaRepositoryTest" time="0.47">
    <system-out><![CDATA[Hibernate: 
    select
        n1_0.id,
        n1_0.content,
        n1_0.title 
    from
        notes n1_0 
    where
        n1_0.id=?
Hibernate: 
    insert 
    into
        notes
        (content, title, id) 
    values
        (?, ?, ?)
Hibernate: 
    select
        count(*) 
    from
        notes n1_0 
    where
        n1_0.id=?
Hibernate: 
    delete 
    from
        notes 
    where
        id=?
Hibernate: 
    select
        count(*) 
    from
        notes n1_0 
    where
        n1_0.id=?
Hibernate: 
    select
        n1_0.id,
        n1_0.content,
        n1_0.title 
    from
        notes n1_0 
    where
        n1_0.id=?
]]></system-out>
  </testcase>
  <testcase name="createReadFindByTitleTest" classname="com.docencia.repo.NoteJpaRepositoryTest" time="0.036">
    <system-out><![CDATA[Hibernate: 
    select
        n1_0.id,
        n1_0.content,
        n1_0.title 
    from
        notes n1_0 
    where
        n1_0.id=?
Hibernate: 
    insert 
    into
        notes
        (content, title, id) 
    values
        (?, ?, ?)
Hibernate: 
    select
        n1_0.id,
        n1_0.content,
        n1_0.title 
    from
        notes n1_0 
    where
        n1_0.title=? 
    limit
        ?
]]></system-out>
  </testcase>
  <testcase name="findByIdTest" classname="com.docencia.repo.NoteJpaRepositoryTest" time="0.006">
    <system-out><![CDATA[Hibernate: 
    select
        n1_0.id,
        n1_0.content,
        n1_0.title 
    from
        notes n1_0 
    where
        n1_0.id=?
Hibernate: 
    insert 
    into
        notes
        (content, title, id) 
    values
        (?, ?, ?)
Hibernate: 
    select
        count(*) 
    from
        notes n1_0 
    where
        n1_0.id=?
]]></system-out>
  </testcase>
</testsuite>